<?xml version="1.0" encoding="UTF-8"?>
<testng-results skipped="0" failed="0" ignored="0" total="1" passed="1">
  <reporter-output>
  </reporter-output>
  <suite name="Test - Suite" duration-ms="20818" started-at="2020-07-26T11:24:46Z" finished-at="2020-07-26T11:25:07Z">
    <groups>
    </groups>
    <test name="First Test" duration-ms="20818" started-at="2020-07-26T11:24:46Z" finished-at="2020-07-26T11:25:07Z">
      <class name="com.favebook.tests.FBLogInOutTest">
        <test-method status="PASS" signature="initialise()[pri:0, instance:com.favebook.tests.FBLogInOutTest@1794d431]" name="initialise" is-config="true" duration-ms="5209" started-at="2020-07-26T11:24:41Z" finished-at="2020-07-26T11:24:46Z">
          <reporter-output>
          </reporter-output>
        </test-method> <!-- initialise -->
        <test-method status="PASS" signature="bc()[pri:0, instance:com.favebook.tests.FBLogInOutTest@1794d431]" name="bc" is-config="true" duration-ms="17" started-at="2020-07-26T11:24:46Z" finished-at="2020-07-26T11:24:46Z">
          <reporter-output>
          </reporter-output>
        </test-method> <!-- bc -->
        <test-method status="PASS" signature="init()[pri:0, instance:com.favebook.tests.FBLogInOutTest@1794d431]" name="init" duration-ms="19935" started-at="2020-07-26T11:24:47Z" finished-at="2020-07-26T11:25:06Z">
          <reporter-output>
          </reporter-output>
        </test-method> <!-- init -->
        <test-method status="PASS" signature="ac()[pri:0, instance:com.favebook.tests.FBLogInOutTest@1794d431]" name="ac" is-config="true" duration-ms="824" started-at="2020-07-26T11:25:06Z" finished-at="2020-07-26T11:25:07Z">
          <reporter-output>
          </reporter-output>
        </test-method> <!-- ac -->
        <test-method status="PASS" signature="tearDownTest()[pri:0, instance:com.favebook.tests.FBLogInOutTest@1794d431]" name="tearDownTest" is-config="true" duration-ms="380" started-at="2020-07-26T11:25:07Z" finished-at="2020-07-26T11:25:08Z">
          <reporter-output>
          </reporter-output>
        </test-method> <!-- tearDownTest -->
      </class> <!-- com.favebook.tests.FBLogInOutTest -->
    </test> <!-- First Test -->
  </suite> <!-- Test - Suite -->
</testng-results>
